C:\Program Files (x86)\Microsoft Visual Studio\2017\Community\Common7\IDE\VC\VCTargets\Microsoft.CppBuild.targets(387,5): warning MSB8028: The intermediate directory (Debug\) contains files shared from another project (Group1Coursework.vcxproj).  This can lead to incorrect clean and rebuild behavior.
  Wood.cpp
  Timer.cpp
  Stone.cpp
  Steel.cpp
  Player.cpp
  MineState.cpp
  MaterialFac.cpp
  Material.cpp
  main.cpp
  InventoryState.cpp
  Inventory.cpp
  Game.cpp
  ForestState.cpp
  Fac.cpp
  CratftingState.cpp
  ArenaState.cpp
  Generating Code...
f:\game engine design\coursework\group3coursework - finalversion\group1coursework\fac.cpp(20): warning C4715: 'Fac::CreateMaterial': not all control paths return a value
  Group1Coursework.vcxproj -> F:\Game Engine Design\Coursework\Group3Coursework - FinalVersion\Debug\Group3Coursework.exe
  Group1Coursework.vcxproj -> F:\Game Engine Design\Coursework\Group3Coursework - FinalVersion\Debug\Group3Coursework.pdb (Partial PDB)
