e:\university\block 2\game engine design\coursework\group3coursework - finalversion\group1coursework\debug\vc141.pdb
e:\university\block 2\game engine design\coursework\group3coursework - finalversion\group1coursework\debug\vc141.idb
e:\university\block 2\game engine design\coursework\group3coursework - finalversion\group1coursework\debug\arenastate.obj
e:\university\block 2\game engine design\coursework\group3coursework - finalversion\group1coursework\debug\cratftingstate.obj
e:\university\block 2\game engine design\coursework\group3coursework - finalversion\group1coursework\debug\fac.obj
e:\university\block 2\game engine design\coursework\group3coursework - finalversion\group1coursework\debug\foreststate.obj
e:\university\block 2\game engine design\coursework\group3coursework - finalversion\group1coursework\debug\game.obj
e:\university\block 2\game engine design\coursework\group3coursework - finalversion\group1coursework\debug\inventory.obj
e:\university\block 2\game engine design\coursework\group3coursework - finalversion\group1coursework\debug\inventorystate.obj
e:\university\block 2\game engine design\coursework\group3coursework - finalversion\group1coursework\debug\main.obj
e:\university\block 2\game engine design\coursework\group3coursework - finalversion\group1coursework\debug\material.obj
e:\university\block 2\game engine design\coursework\group3coursework - finalversion\group1coursework\debug\materialfac.obj
e:\university\block 2\game engine design\coursework\group3coursework - finalversion\group1coursework\debug\minestate.obj
e:\university\block 2\game engine design\coursework\group3coursework - finalversion\group1coursework\debug\player.obj
e:\university\block 2\game engine design\coursework\group3coursework - finalversion\group1coursework\debug\steel.obj
e:\university\block 2\game engine design\coursework\group3coursework - finalversion\group1coursework\debug\stone.obj
e:\university\block 2\game engine design\coursework\group3coursework - finalversion\group1coursework\debug\timer.obj
e:\university\block 2\game engine design\coursework\group3coursework - finalversion\group1coursework\debug\wood.obj
e:\university\block 2\game engine design\coursework\group3coursework - finalversion\debug\group3coursework.ilk
e:\university\block 2\game engine design\coursework\group3coursework - finalversion\debug\group3coursework.exe
e:\university\block 2\game engine design\coursework\group3coursework - finalversion\debug\group3coursework.pdb
e:\university\block 2\game engine design\coursework\group3coursework - finalversion\group1coursework\debug\group3coursework.tlog\cl.command.1.tlog
e:\university\block 2\game engine design\coursework\group3coursework - finalversion\group1coursework\debug\group3coursework.tlog\cl.read.1.tlog
e:\university\block 2\game engine design\coursework\group3coursework - finalversion\group1coursework\debug\group3coursework.tlog\cl.write.1.tlog
e:\university\block 2\game engine design\coursework\group3coursework - finalversion\group1coursework\debug\group3coursework.tlog\link.command.1.tlog
e:\university\block 2\game engine design\coursework\group3coursework - finalversion\group1coursework\debug\group3coursework.tlog\link.read.1.tlog
e:\university\block 2\game engine design\coursework\group3coursework - finalversion\group1coursework\debug\group3coursework.tlog\link.write.1.tlog
