e:\group1coursework - liamworkingversion\group1coursework\debug\vc141.pdb
e:\group1coursework - liamworkingversion\group1coursework\debug\vc141.idb
e:\group1coursework - liamworkingversion\group1coursework\debug\arenastate.obj
e:\group1coursework - liamworkingversion\group1coursework\debug\cratftingstate.obj
e:\group1coursework - liamworkingversion\group1coursework\debug\fac.obj
e:\group1coursework - liamworkingversion\group1coursework\debug\foreststate.obj
e:\group1coursework - liamworkingversion\group1coursework\debug\game.obj
e:\group1coursework - liamworkingversion\group1coursework\debug\inventory.obj
e:\group1coursework - liamworkingversion\group1coursework\debug\inventorystate.obj
e:\group1coursework - liamworkingversion\group1coursework\debug\main.obj
e:\group1coursework - liamworkingversion\group1coursework\debug\material.obj
e:\group1coursework - liamworkingversion\group1coursework\debug\materialfac.obj
e:\group1coursework - liamworkingversion\group1coursework\debug\minestate.obj
e:\group1coursework - liamworkingversion\group1coursework\debug\player.obj
e:\group1coursework - liamworkingversion\group1coursework\debug\steel.obj
e:\group1coursework - liamworkingversion\group1coursework\debug\stone.obj
e:\group1coursework - liamworkingversion\group1coursework\debug\timer.obj
e:\group1coursework - liamworkingversion\group1coursework\debug\wood.obj
e:\group1coursework - liamworkingversion\debug\group1coursework.ilk
e:\group1coursework - liamworkingversion\debug\group1coursework.exe
e:\group1coursework - liamworkingversion\debug\group1coursework.pdb
e:\group1coursework - liamworkingversion\group1coursework\debug\group1coursework.tlog\cl.read.1.tlog
e:\group1coursework - liamworkingversion\group1coursework\debug\group1coursework.tlog\cl.write.1.tlog
e:\group1coursework - liamworkingversion\group1coursework\debug\group1coursework.tlog\cl.command.1.tlog
e:\group1coursework - liamworkingversion\group1coursework\debug\group1coursework.tlog\link.command.1.tlog
e:\group1coursework - liamworkingversion\group1coursework\debug\group1coursework.tlog\link.read.1.tlog
e:\group1coursework - liamworkingversion\group1coursework\debug\group1coursework.tlog\link.write.1.tlog
